APPLICATION	CarMaker 7.1.2 - Car_Generic #321 (win64-7.1.2)
COMPILED	fh@obelix.ipg 2019-01-28 10:41:51
FIRST_INIT	(internal default used)	2024-02-18 21:30:26
TIME	0.000
SIM_END			0s	0m
IDLE	21:30:27
SIM_START	VD2	2024-02-18 21:30:28
TIME	0.000
SIMULATE	VD2

TIME	106.205
SIM_END		VD2	106.196s	2653.25m
TIME	111.628
SIM_START	VD2	2024-02-18 21:31:30
TIME	0.000
SIMULATE	VD2

TIME	106.205
SIM_END		VD2	106.196s	2653.25m
TIME	142.738
SIM_START	VD2	2024-02-18 21:37:43
TIME	0.000
SIMULATE	VD2

TIME	106.205
SIM_END		VD2	106.196s	2653.25m
TIME	143.154
SIM_START	VD2	2024-02-18 21:44:01
TIME	0.000
SIMULATE	VD2

TIME	106.205
SIM_END		VD2	106.196s	2653.25m
TIME	132.012
SIM_START	VD2	2024-02-18 21:48:26
TIME	0.000
SIMULATE	VD2

TIME	48.135
SIM_END		VD2	48.126s	1118.26m
TIME	132.060
SIM_START	VD2	2024-02-18 22:02:30
TIME	0.000
SIMULATE	VD2

TIME	56.378
SIM_END		VD2	56.369s	1118.26m
TIME	0.001
TIME	97.900
SIM_START	VD2	2024-02-18 22:09:31
TIME	0.000
SIMULATE	VD2

TIME	46.297
SIM_END		VD2	46.288s	1118.19m
TIME	61.621
SIM_START	VD2	2024-02-18 22:12:09
TIME	0.000
SIMULATE	VD2

TIME	56.378
SIM_END		VD2	56.369s	1118.26m
TIME	71.592
SIM_START	VD2	2024-02-18 22:14:47
TIME	0.000
SIMULATE	VD2

TIME	46.297
SIM_END		VD2	46.288s	1118.19m
