APPLICATION	CarMaker 7.1.2 - Car_Generic #321 (win64-7.1.2)
COMPILED	fh@obelix.ipg 2019-01-28 10:41:51
FIRST_INIT	(internal default used)	2024-02-18 22:30:52
TIME	0.000
SIM_END			0s	0m
IDLE	22:30:53
SIM_START	VD2	2024-02-18 22:30:54
TIME	0.000
SIMULATE	VD2

TIME	56.378
SIM_END		VD2	56.369s	1118.26m
TIME	72.533
SIM_START	VD2	2024-02-18 22:33:42
TIME	0.000
SIMULATE	VD2

TIME	56.378
SIM_END		VD2	56.369s	1118.26m
TIME	69.968
SIM_START	VD2	2024-02-18 22:36:04
TIME	0.000
SIMULATE	VD2

TIME	55.828
SIM_END		VD2	55.819s	1118.6m
TIME	129.611
SIM_START	VD2	2024-02-18 22:48:27
TIME	0.000
SIMULATE	VD2

ERROR		Pitch angle too high (80.03 deg)
SIM_ABORT	VD2	0.947s	1.21115m
TIME	3.898
SIM_START	VD2	2024-02-18 22:48:58
TIME	0.000
SIMULATE	VD2

ERROR		Pitch angle too high (80.03 deg)
SIM_ABORT	VD2	1.146s	0.810695m
TIME	6.446
SIM_START	VD2	2024-02-18 22:49:53
TIME	0.000
SIMULATE	VD2

TIME	55.809
SIM_END		VD2	55.8s	1118.41m
TIME	92.223
SIM_START	VD2	2024-02-18 22:56:02
TIME	0.000
SIMULATE	VD2

TIME	417.723
SIM_END		VD2	417.714s	2.16201m
SIM_START	VD2	2024-02-18 22:56:46
TIME	0.000
SIMULATE	VD2

TIME	60.421
SIM_END		VD2	60.412s	1118.39m
TIME	81.290
SIM_START	VD2	2024-02-18 23:00:20
TIME	0.000
SIMULATE	VD2

TIME	78.441
SIM_END		VD2	78.432s	1118.49m
TIME	95.480
SIM_START	VD2	2024-02-18 23:03:16
TIME	0.000
SIMULATE	VD2

TIME	46.297
SIM_END		VD2	46.288s	1118.19m
TIME	283.754
SIM_START	VD2	2024-02-18 23:42:56
TIME	0.000
SIMULATE	VD2

TIME	56.378
SIM_END		VD2	56.369s	1118.26m
TIME	91.713
SHUTDOWN	CarMaker quick shutdown initiated

