

SYSTEM_START	-	DESKTOP-BMTT016	DESKTOP-BMTT016	2024-02-18 00:01:47


SYSTEM_INFO	CarMaker 7.1.2 - Car_Generic #321	fh@obelix.ipg 2019-01-28 10:41:51	(7.1.2 fh@obelix.ipg 2019-01-28 10:41:49)
SIM	1708194707	DESKTOP-BMTT016			0	0	0
SIM	1708194709	DESKTOP-BMTT016	Hi	unknown	0	177.355	2402.59
SIM	1708194730	DESKTOP-BMTT016	Hi	unknown	0	177.355	2402.59
SIM	1708194943	DESKTOP-BMTT016	Hi	unknown	0	93.912	2401.81
SIM	1708195094	DESKTOP-BMTT016	Hi	unknown	1	0.949	1.20768
SIM	1708195128	DESKTOP-BMTT016	Hi	unknown	0	94.014	2402.92
SIM	1708195212	DESKTOP-BMTT016	Hi	unknown	0	94.185	2399.45
SIM	1708195240	DESKTOP-BMTT016	Hi	unknown	1	22.68	428.679
SIM	1708195278	DESKTOP-BMTT016	Hi	unknown	0	94.185	2399.45
SIM	1708195301	DESKTOP-BMTT016	Hi	unknown	1	23.556	458.702
SIM	1708195340	DESKTOP-BMTT016	Hi	unknown	1	25.06	498.999
SIM	1708195353	DESKTOP-BMTT016	Hi	unknown	0	94.185	2399.45
SIM	1708195372	DESKTOP-BMTT016	Hi	unknown	1	25.466	510.133
SIM	1708195421	DESKTOP-BMTT016	Hi	unknown	0	94.198	2399.4
SIM	1708195445	DESKTOP-BMTT016	Hi	unknown	1	0.756	1.74736
SIM	1708195463	DESKTOP-BMTT016	Hi	unknown	1	1.202	0.887278
SIM	1708195476	DESKTOP-BMTT016	Hi	unknown	0	93.913	2402.06
SIM	1708195494	DESKTOP-BMTT016	Hi	unknown	0	94.548	2402.47


SYSTEM_START	-	DESKTOP-BMTT016	DESKTOP-BMTT016	2024-02-18 21:09:33


SYSTEM_INFO	CarMaker 7.1.2 - Car_Generic #321	fh@obelix.ipg 2019-01-28 10:41:51	(7.1.2 fh@obelix.ipg 2019-01-28 10:41:49)
SIM	1708270774	DESKTOP-BMTT016			0	0	0
SIM	1708270776	DESKTOP-BMTT016	Hi	unknown	0	106.196	2653.25


SYSTEM_START	-	DESKTOP-BMTT016	DESKTOP-BMTT016	2024-02-18 21:24:25


SYSTEM_INFO	CarMaker 7.1.2 - Car_Generic #321	fh@obelix.ipg 2019-01-28 10:41:51	(7.1.2 fh@obelix.ipg 2019-01-28 10:41:49)
SIM	1708271666	DESKTOP-BMTT016			0	0	0
SIM	1708271674	DESKTOP-BMTT016	Hi	VD2	0	106.196	2653.25


SYSTEM_START	-	DESKTOP-BMTT016	DESKTOP-BMTT016	2024-02-18 21:30:26


SYSTEM_INFO	CarMaker 7.1.2 - Car_Generic #321	fh@obelix.ipg 2019-01-28 10:41:51	(7.1.2 fh@obelix.ipg 2019-01-28 10:41:49)
SIM	1708272026	DESKTOP-BMTT016			0	0	0
SIM	1708272028	DESKTOP-BMTT016	Hi	VD2	0	106.196	2653.25
SIM	1708272090	DESKTOP-BMTT016	Hi	VD2	0	106.196	2653.25
SIM	1708272463	DESKTOP-BMTT016	Hi	VD2	0	106.196	2653.25
SIM	1708272841	DESKTOP-BMTT016	Hi	VD2	0	106.196	2653.25
SIM	1708273106	DESKTOP-BMTT016	Hi	VD2	0	48.126	1118.26
SIM	1708273950	DESKTOP-BMTT016	Hi	VD2	0	56.369	1118.26
SIM	1708274371	DESKTOP-BMTT016	Hi	VD2	0	46.288	1118.19
SIM	1708274529	DESKTOP-BMTT016	Hi	VD2	0	56.369	1118.26
SIM	1708274687	DESKTOP-BMTT016	Hi	VD2	0	46.288	1118.19


SYSTEM_START	-	DESKTOP-BMTT016	DESKTOP-BMTT016	2024-02-18 22:30:36


SYSTEM_INFO	CarMaker 7.1.2 - Car_Generic #321	fh@obelix.ipg 2019-01-28 10:41:51	(7.1.2 fh@obelix.ipg 2019-01-28 10:41:49)


SYSTEM_START	-	DESKTOP-BMTT016	DESKTOP-BMTT016	2024-02-18 22:30:51


SYSTEM_INFO	CarMaker 7.1.2 - Car_Generic #321	fh@obelix.ipg 2019-01-28 10:41:51	(7.1.2 fh@obelix.ipg 2019-01-28 10:41:49)
SIM	1708275652	DESKTOP-BMTT016			0	0	0
SIM	1708275654	DESKTOP-BMTT016	Hi	VD2	0	56.369	1118.26
SIM	1708275822	DESKTOP-BMTT016	Hi	VD2	0	56.369	1118.26
SIM	1708275964	DESKTOP-BMTT016	Hi	VD2	0	55.819	1118.6
SIM	1708276707	DESKTOP-BMTT016	Hi	VD2	1	0.947	1.21115
SIM	1708276738	DESKTOP-BMTT016	Hi	VD2	1	1.146	0.810695
SIM	1708276793	DESKTOP-BMTT016	Hi	VD2	0	55.8	1118.41
SIM	1708277162	DESKTOP-BMTT016	Hi	VD2	0	417.714	2.16201
SIM	1708277206	DESKTOP-BMTT016	Hi	VD2	0	60.412	1118.39
SIM	1708277420	DESKTOP-BMTT016	Hi	VD2	0	78.432	1118.49
SIM	1708277596	DESKTOP-BMTT016	Hi	VD2	0	46.288	1118.19
SIM	1708279976	DESKTOP-BMTT016	Hi	VD2	0	56.369	1118.26
